<?xml version="1.0" encoding="UTF-8"?>
<!-- Generated by org.testng.reporters.JUnitReportReporter -->
<testsuite hostname="LAPTOP-34O0D4SU" failures="0" tests="1" name="testRunner.TestRunner" time="4.223" errors="0" timestamp="2022-08-06T17:42:05 EET" skipped="0">
  <testcase classname="testRunner.TestRunner" name="runScenario" time="4.223"/>
  <system-out/>
</testsuite> <!-- testRunner.TestRunner -->
